<?xml version="1.0" encoding="UTF-8"?>
<testng-results ignored="0" total="1" passed="1" failed="0" skipped="0">
  <reporter-output>
  </reporter-output>
  <suite started-at="2023-10-01T12:52:15 IST" name="Default suite" finished-at="2023-10-01T12:52:32 IST" duration-ms="16790">
    <groups>
    </groups>
    <test started-at="2023-10-01T12:52:15 IST" name="Default test" finished-at="2023-10-01T12:52:32 IST" duration-ms="16790">
      <class name="POM.StaleElement">
        <test-method signature="stale()[pri:0, instance:POM.StaleElement@6be968ce]" started-at="2023-10-01T12:52:15 IST" name="stale" finished-at="2023-10-01T12:52:32 IST" duration-ms="16727" status="PASS">
          <reporter-output>
          </reporter-output>
        </test-method> <!-- stale -->
      </class> <!-- POM.StaleElement -->
    </test> <!-- Default test -->
  </suite> <!-- Default suite -->
</testng-results>
